<?xml version="1.0" encoding="utf-8"?>
<testsuite errors="0" failures="0" name="unittest.suite.TestSuite" tests="1" time="50.910"><testcase classname="rostest.runner.RosTest" name="testrpg_quadrotor_integration_test" time="50.9100" /><system-out>&lt;![CDATA[
[ROSTEST]setup[/home/xslin/Documents/xslin/research/rpg_ws/src/rpg_quadrotor_control/test/rpg_quadrotor_integration_test/launch/rpg_quadrotor_integration_test.launch] run_id[be860a3c-6e73-11eb-8aa5-9405bb10fb12] starting
&amp;#x001B;[1mstarted roslaunch server http://Ainio:33103/&amp;#x001B;[0m

SUMMARY
========

PARAMETERS
 * /gazebo/enable_ros_network: True
 * /hummingbird/autopilot/breaking_timeout: 0.5
 * /hummingbird/autopilot/breaking_velocity_threshold: 0.2
 * /hummingbird/autopilot/control_command_delay: 0.05
 * /hummingbird/autopilot/control_command_input_timeout: 0.1
 * /hummingbird/autopilot/emergency_land_duration: 4
 * /hummingbird/autopilot/emergency_land_thrust: 9.0
 * /hummingbird/autopilot/enable_command_feedthrough: True
 * /hummingbird/autopilot/go_to_pose_max_normalized_thrust: 12.0
 * /hummingbird/autopilot/go_to_pose_max_roll_pitch_rate: 0.5
 * /hummingbird/autopilot/go_to_pose_max_velocity: 1.5
 * /hummingbird/autopilot/idle_thrust: 2.0
 * /hummingbird/autopilot/optitrack_land_drop_height: 0.3
 * /hummingbird/autopilot/optitrack_start_height: 1.0
 * /hummingbird/autopilot/optitrack_start_land_timeout: 5
 * /hummingbird/autopilot/position_controller/k_drag_x: 0.0
 * /hummingbird/autopilot/position_controller/k_drag_y: 0.0
 * /hummingbird/autopilot/position_controller/k_drag_z: 0.0
 * /hummingbird/autopilot/position_controller/k_thrust_horz: 0.0
 * /hummingbird/autopilot/position_controller/kdxy: 4.0
 * /hummingbird/autopilot/position_controller/kdz: 6.0
 * /hummingbird/autopilot/position_controller/kpxy: 10.0
 * /hummingbird/autopilot/position_controller/kpz: 15.0
 * /hummingbird/autopilot/position_controller/krp: 12.0
 * /hummingbird/autopilot/position_controller/kyaw: 5.0
 * /hummingbird/autopilot/position_controller/perform_aerodynamics_compensation: False
 * /hummingbird/autopilot/position_controller/pxy_error_max: 0.6
 * /hummingbird/autopilot/position_controller/pz_error_max: 0.3
 * /hummingbird/autopilot/position_controller/use_rate_mode: True
 * /hummingbird/autopilot/position_controller/vxy_error_max: 1.0
 * /hummingbird/autopilot/position_controller/vz_error_max: 0.75
 * /hummingbird/autopilot/position_controller/yaw_error_max: 0.7
 * /hummingbird/autopilot/predictive_control_lookahead: 2.0
 * /hummingbird/autopilot/propeller_ramp_down_timeout: 1.5
 * /hummingbird/autopilot/reference_state_input_timeout: 0.1
 * /hummingbird/autopilot/start_idle_duration: 2.0
 * /hummingbird/autopilot/start_land_acceleration: 1
 * /hummingbird/autopilot/start_land_velocity: 0.5
 * /hummingbird/autopilot/state_estimate_timeout: 0.1
 * /hummingbird/autopilot/state_predictor/integration_step_size: 0.001
 * /hummingbird/autopilot/state_predictor/maximum_prediction_horizon: 0.1
 * /hummingbird/autopilot/state_predictor/tau_angle_rate_dynamics: 0.04
 * /hummingbird/autopilot/state_predictor/tau_thrust_down_dynamics: 0.03
 * /hummingbird/autopilot/state_predictor/tau_thrust_up_dynamics: 0.03
 * /hummingbird/autopilot/tau_velocity_command: 0.8
 * /hummingbird/autopilot/velocity_command_input_timeout: 0.1
 * /hummingbird/autopilot/velocity_estimate_in_world_frame: False
 * /hummingbird/joy_node/autorepeat_rate: 10
 * /hummingbird/manual_flight_assistant/joypad_axes_zero_tolerance: 0.05
 * /hummingbird/manual_flight_assistant/joypad_timeout: 0.5
 * /hummingbird/manual_flight_assistant/rmax_yaw: 1.5
 * /hummingbird/manual_flight_assistant/sbus_axes_zero_tolerance: 10
 * /hummingbird/manual_flight_assistant/sbus_timeout: 0.5
 * /hummingbird/manual_flight_assistant/vmax_xy: 1.5
 * /hummingbird/manual_flight_assistant/vmax_z: 0.7
 * /hummingbird/robot_description: &lt;?xml version="1....
 * /hummingbird/rpg_rotors_interface/arm_length: 0.17
 * /hummingbird/rpg_rotors_interface/body_rates_d_xy: 0.5
 * /hummingbird/rpg_rotors_interface/body_rates_d_z: 0.1
 * /hummingbird/rpg_rotors_interface/body_rates_p_xy: 0.1
 * /hummingbird/rpg_rotors_interface/body_rates_p_z: 0.03
 * /hummingbird/rpg_rotors_interface/inertia_x: 0.007
 * /hummingbird/rpg_rotors_interface/inertia_y: 0.007
 * /hummingbird/rpg_rotors_interface/inertia_z: 0.012
 * /hummingbird/rpg_rotors_interface/low_level_control_frequency: 200.0
 * /hummingbird/rpg_rotors_interface/mass: 0.73
 * /hummingbird/rpg_rotors_interface/max_rotor_speed: 838.0
 * /hummingbird/rpg_rotors_interface/roll_pitch_cont_gain: 6.0
 * /hummingbird/rpg_rotors_interface/rotor_drag_coeff: 0.016
 * /hummingbird/rpg_rotors_interface/rotor_thrust_coeff: 8.54858e-06
 * /hummingbird/tf_prefix: 
 * /rosdistro: melodic
 * /rosversion: 1.14.10
 * /use_sim_time: True

NODES
  /
    gazebo (gazebo_ros/gzserver)
    gazebo_gui (gazebo_ros/gzclient)
  /hummingbird/
    autopilot (autopilot/autopilot)
    joy_node (joy/joy_node)
    manual_flight_assistant (manual_flight_assistant/manual_flight_assistant)
    rpg_rotors_interface (rpg_rotors_interface/rpg_rotors_interface)
    rqt_quad_gui (rqt_gui/rqt_gui)
    spawn_hummingbird (gazebo_ros/spawn_model)

[ROSTEST]setup[/home/xslin/Documents/xslin/research/rpg_ws/src/rpg_quadrotor_control/test/rpg_quadrotor_integration_test/launch/rpg_quadrotor_integration_test.launch] run_id[be860a3c-6e73-11eb-8aa5-9405bb10fb12] done
[ROSTEST]Running test [rpg_quadrotor_integration_test]
&amp;#x001B;[1mROS_MASTER_URI=http://Ainio:44231/&amp;#x001B;[0m
&amp;#x001B;[1msetting /run_id to be860a3c-6e73-11eb-8aa5-9405bb10fb12&amp;#x001B;[0m
&amp;#x001B;[1mprocess[gazebo-1]: started with pid [7207]&amp;#x001B;[0m
&amp;#x001B;[1mprocess[gazebo_gui-2]: started with pid [7221]&amp;#x001B;[0m
&amp;#x001B;[1mprocess[hummingbird/spawn_hummingbird-3]: started with pid [7233]&amp;#x001B;[0m
&amp;#x001B;[1mprocess[hummingbird/rpg_rotors_interface-4]: started with pid [7234]&amp;#x001B;[0m
&amp;#x001B;[1mprocess[hummingbird/autopilot-5]: started with pid [7235]&amp;#x001B;[0m
&amp;#x001B;[1mprocess[hummingbird/joy_node-6]: started with pid [7245]&amp;#x001B;[0m
&amp;#x001B;[1mprocess[hummingbird/manual_flight_assistant-7]: started with pid [7252]&amp;#x001B;[0m
&amp;#x001B;[1mprocess[hummingbird/rqt_quad_gui-8]: started with pid [7265]&amp;#x001B;[0m
[ROSTEST]running test rpg_quadrotor_integration_test
&amp;#x001B;[1mprocess[hummingbird/rpg_quadrotor_integration_test-9]: started with pid [7266]&amp;#x001B;[0m
&amp;#x001B;[1m[hummingbird/spawn_hummingbird-3] process has finished cleanly
log file: /home/xslin/.ros/log/be860a3c-6e73-11eb-8aa5-9405bb10fb12/hummingbird-spawn_hummingbird-3*.log&amp;#x001B;[0m
&amp;#x001B;[1m[hummingbird/rpg_quadrotor_integration_test-9] process has finished cleanly
log file: /home/xslin/.ros/log/be860a3c-6e73-11eb-8aa5-9405bb10fb12/hummingbird-rpg_quadrotor_integration_test-9*.log&amp;#x001B;[0m
[ROSTEST]test [rpg_quadrotor_integration_test] finished
[ROSTEST]test [rpg_quadrotor_integration_test] results are in [/home/xslin/Documents/xslin/research/rpg_ws/build/rpg_quadrotor_integration_test/test_results/rpg_quadrotor_integration_test/rosunit-rpg_quadrotor_integration_test.xml]
[ROSTEST]test [rpg_quadrotor_integration_test] results summary: 0 errors, 0 failures, 1 tests
[ROSTEST][ROSTEST] test [rpg_quadrotor_integration_test] done
[ROSTEST]tearDown[/home/xslin/Documents/xslin/research/rpg_ws/src/rpg_quadrotor_control/test/rpg_quadrotor_integration_test/launch/rpg_quadrotor_integration_test.launch]
shutting down processing monitor...
[hummingbird/rqt_quad_gui-8] killing on exit
[hummingbird/manual_flight_assistant-7] killing on exit
[hummingbird/joy_node-6] killing on exit
[hummingbird/autopilot-5] killing on exit
[hummingbird/rpg_rotors_interface-4] killing on exit
[gazebo_gui-2] killing on exit
[gazebo-1] killing on exit
... shutting down processing monitor complete
[ROSTEST]rostest teardown /home/xslin/Documents/xslin/research/rpg_ws/src/rpg_quadrotor_control/test/rpg_quadrotor_integration_test/launch/rpg_quadrotor_integration_test.launch complete

]]&gt;</system-out><system-err>&lt;![CDATA[
&amp;#x001B;[31m[gazebo_gui-2] escalating to SIGTERM&amp;#x001B;[0m
&amp;#x001B;[31m[gazebo-1] escalating to SIGTERM&amp;#x001B;[0m

]]&gt;</system-err></testsuite>